<?xml version="1.0" encoding="UTF-8"?>
<!-- Generated by org.testng.reporters.JUnitReportReporter -->
<testsuite hostname="HomeSweetHome" failures="0" tests="1" name="newProgs.ChildClass" time="0.023" errors="0" timestamp="2024-10-24T10:21:20 IST" skipped="0">
  <testcase classname="newProgs.ChildClass" name="testRun" time="0.023"/>
</testsuite> <!-- newProgs.ChildClass -->
