<?xml version="1.0" encoding="UTF-8"?>
<!-- Generated by org.testng.reporters.JUnitReportReporter -->
<testsuite hostname="HomeSweetHome" failures="0" tests="4" name="Streamsjava" time="0.029" errors="0" timestamp="2024-10-02T12:19:06 IST" skipped="0">
  <testcase classname="Streamsjava" name="streamFilter" time="0.004"/>
  <testcase classname="Streamsjava" name="streamCollect" time="0.004"/>
  <testcase classname="Streamsjava" name="regular" time="0.010"/>
  <testcase classname="Streamsjava" name="streamMap" time="0.011"/>
</testsuite> <!-- Streamsjava -->
